<?xml version="1.0" encoding="utf-8" standalone="no"?>
<!--This file represents the results of running a test suite-->
<test-results name="C:\Xavier.Integration.Tests\Xavier.Integration.Tests\obj\Debug\Xavier.Integration.Tests.dll" total="0" errors="0" failures="0" not-run="0" inconclusive="0" ignored="0" skipped="0" invalid="0" date="2014-09-16" time="16:35:31">
  <environment nunit-version="2.6.3.13283" clr-version="2.0.50727.5472" os-version="Microsoft Windows NT 6.1.7601 Service Pack 1" platform="Win32NT" cwd="C:\Program Files (x86)\NUnit 2.6.3\bin" machine-name="DKUROCHKIN" user="DKurochkin" user-domain="DOMAIN" />
  <culture-info current-culture="ru-RU" current-uiculture="en-US" />
  <test-suite type="Assembly" name="C:\Xavier.Integration.Tests\Xavier.Integration.Tests\obj\Debug\Xavier.Integration.Tests.dll" executed="True" result="Inconclusive" success="False" time="0.033" asserts="0" />
</test-results>